<?xml version="1.0" encoding="UTF-8"?>
<!-- Generated by org.testng.reporters.JUnitXMLReporter -->
<testsuite ignored="0" hostname="DESKTOP-C81SOV2" failures="0" tests="4" name="TestAB" time="0.104" errors="0" timestamp="2021-07-26T23:49:02 EDT">
  <testcase classname="stcml.A" name="testone" time="0.01"/>
  <testcase classname="stcml.A" name="testtwo" time="0.003"/>
  <testcase classname="stcml.B" name="testFour" time="0.002"/>
  <testcase classname="stcml.B" name="testThree" time="0.003"/>
</testsuite> <!-- TestAB -->
