<?xml version="1.0" encoding="UTF-8"?>
<!-- Generated by org.testng.reporters.JUnitXMLReporter -->
<testsuite ignored="0" hostname="DESKTOP-C81SOV2" failures="0" tests="4" name="TestCD" time="0.031" errors="0" timestamp="2021-07-26T23:49:02 EDT">
  <testcase classname="stcml.C" name="testFive" time="0.002"/>
  <testcase classname="stcml.C" name="testSix" time="0.003"/>
  <testcase classname="stcml.D" name="testEight" time="0.002"/>
  <testcase classname="stcml.D" name="testSeven" time="0.002"/>
</testsuite> <!-- TestCD -->
